<?xml version="1.0" encoding="UTF-8"?>
<!-- Generated by org.testng.reporters.JUnitReportReporter -->
<testsuite hostname="LAPTOP-IHBEL2EJ" failures="0" tests="2" name="TestScript.ValidLogin" time="3.289" errors="0" timestamp="23 Apr 2024 10:26:52 GMT" skipped="0">
  <testcase classname="TestScript.ValidLogin" name="login" time="1.502"/>
  <testcase classname="TestScript.ValidLogin" name="login" time="1.787"/>
</testsuite> <!-- TestScript.ValidLogin -->
