<?xml version="1.0" encoding="UTF-8"?>
<!-- Generated by org.testng.reporters.JUnitReportReporter -->
<testsuite hostname="LAPTOP-IHBEL2EJ" failures="0" tests="1" name="TestScript.CreateUser" time="2.316" errors="0" timestamp="25 Apr 2024 16:35:40 GMT" skipped="0">
  <testcase classname="TestScript.CreateUser" name="createUser" time="2.316"/>
</testsuite> <!-- TestScript.CreateUser -->
