<?xml version="1.0" encoding="UTF-8"?>
<!-- Generated by org.testng.reporters.JUnitReportReporter -->
<testsuite hostname="LAPTOP-IHBEL2EJ" failures="0" tests="1" name="TestScript" time="0.009" errors="0" timestamp="20 Apr 2024 08:43:34 GMT" skipped="0">
  <testcase classname="TestScript" name="launchBrowser" time="0.009"/>
</testsuite> <!-- TestScript -->
