<?xml version="1.0" encoding="UTF-8"?>
<!-- Generated by org.testng.reporters.JUnitReportReporter -->
<testsuite hostname="LAPTOP-IHBEL2EJ" failures="0" tests="1" name="GenericLib.ValidLogin" time="0.004" errors="0" timestamp="19 Apr 2024 16:05:36 GMT" skipped="0">
  <testcase classname="GenericLib.ValidLogin" name="launchBrowser" time="0.004"/>
</testsuite> <!-- GenericLib.ValidLogin -->
