<?xml version="1.0" encoding="UTF-8"?>
<!-- Generated by org.testng.reporters.JUnitReportReporter -->
<testsuite hostname="LAPTOP-IHBEL2EJ" failures="0" tests="1" name="TestScript.InvalidLogin" time="2.367" errors="0" timestamp="23 Apr 2024 10:09:21 GMT" skipped="0">
  <testcase classname="TestScript.InvalidLogin" name="invalid" time="2.367"/>
</testsuite> <!-- TestScript.InvalidLogin -->
