<?xml version="1.0" encoding="UTF-8"?>
<!-- Generated by org.testng.reporters.JUnitReportReporter -->
<testsuite hostname="LAPTOP-IHBEL2EJ" failures="0" tests="4" name="TestNG.ByUsingPriorityAttribute" time="0.009" errors="0" timestamp="18 Apr 2024 15:19:53 GMT" skipped="0">
  <testcase classname="TestNG.ByUsingPriorityAttribute" name="Register" time="0.005"/>
  <testcase classname="TestNG.ByUsingPriorityAttribute" name="addToCart" time="0.001"/>
  <testcase classname="TestNG.ByUsingPriorityAttribute" name="login" time="0.001"/>
  <testcase classname="TestNG.ByUsingPriorityAttribute" name="logOut" time="0.002"/>
</testsuite> <!-- TestNG.ByUsingPriorityAttribute -->
