<?xml version="1.0" encoding="UTF-8"?>
<!-- Generated by org.testng.reporters.JUnitReportReporter -->
<testsuite hostname="LAPTOP-IHBEL2EJ" failures="0" tests="4" name="TestNG.ByUsingPriorityAttributeMinusValue" time="0.012" errors="0" timestamp="18 Apr 2024 15:22:12 GMT" skipped="0">
  <testcase classname="TestNG.ByUsingPriorityAttributeMinusValue" name="logOut" time="0.007"/>
  <testcase classname="TestNG.ByUsingPriorityAttributeMinusValue" name="addToCart" time="0.001"/>
  <testcase classname="TestNG.ByUsingPriorityAttributeMinusValue" name="login" time="0.002"/>
  <testcase classname="TestNG.ByUsingPriorityAttributeMinusValue" name="Register" time="0.002"/>
</testsuite> <!-- TestNG.ByUsingPriorityAttributeMinusValue -->
