<?xml version="1.0" encoding="UTF-8"?>
<!-- Generated by org.testng.reporters.JUnitReportReporter -->
<testsuite hostname="LAPTOP-IHBEL2EJ" failures="0" tests="1" name="Bat6chExecution.Google" time="8.357" errors="0" timestamp="19 Apr 2024 16:02:51 GMT" skipped="0">
  <testcase classname="Bat6chExecution.Google" name="google" time="8.357"/>
</testsuite> <!-- Bat6chExecution.Google -->
