<?xml version="1.0" encoding="UTF-8"?>
<!-- Generated by org.testng.reporters.JUnitReportReporter -->
<testsuite hostname="LAPTOP-IHBEL2EJ" failures="0" tests="1" name="TestNG.Demo" time="0.009" errors="0" timestamp="18 Apr 2024 15:12:11 GMT" skipped="0">
  <testcase classname="TestNG.Demo" name="demo" time="0.009"/>
</testsuite> <!-- TestNG.Demo -->
